Build started 09.06.2012 13:26:24.
     1>Project "C:\Documents and Settings\Administrator\Desktop\TSDumper\PSIMemoryShare\BaseClasses\baseclasses.vcxproj" on node 2 (build target(s)).
     1>InitializeBuildStatus:
         Creating ".\Release\baseclasses.unsuccessfulbuild" because "AlwaysCreate" was specified.
       ClCompile:
         C:\Program Files\Microsoft Visual Studio 10.0\VC\bin\CL.exe /c /I. /I..\..\..\..\include /I"C:\dx9summer2004\Include" /Zi /nologo /W3 /WX- /O2 /Ob1 /Oi /Oy- /D NDEBUG /D "WIN32" /D "_LIB" /D "_WIN32_DCOM" /D "WINVER=0x400" /D _MBCS /GF /Gm- /EHsc /MD /GS /Gy /fp:precise /Zc:wchar_t /Zc:forScope /Yc"streams.h" /Fp".\Release/baseclasses.pch" /Fo".\Release/" /Fd".\Release/vc100.pdb" /Gz /TP /analyze- /errorReport:prompt dllentry.cpp
         dllentry.cpp
         C:\Program Files\Microsoft Visual Studio 10.0\VC\bin\CL.exe /c /I. /I..\..\..\..\include /I"C:\dx9summer2004\Include" /Zi /nologo /W3 /WX- /O2 /Ob1 /Oi /Oy- /D NDEBUG /D "WIN32" /D "_LIB" /D "_WIN32_DCOM" /D "WINVER=0x400" /D _MBCS /GF /Gm- /EHsc /MD /GS /Gy /fp:precise /Zc:wchar_t /Zc:forScope /Yu"streams.h" /Fp".\Release/baseclasses.pch" /Fo".\Release/" /Fd".\Release/vc100.pdb" /Gz /TP /analyze- /errorReport:prompt amextra.cpp amfilter.cpp amvideo.cpp combase.cpp cprop.cpp ctlutil.cpp ddmm.cpp dllsetup.cpp mtype.cpp outputq.cpp pstream.cpp pullpin.cpp refclock.cpp renbase.cpp schedule.cpp seekpt.cpp source.cpp strmctl.cpp sysclock.cpp transfrm.cpp transip.cpp videoctl.cpp vtrans.cpp winctrl.cpp winutil.cpp wxdebug.cpp wxlist.cpp wxutil.cpp
         amextra.cpp
         amfilter.cpp
         amvideo.cpp
         combase.cpp
         cprop.cpp
         ctlutil.cpp
         ddmm.cpp
         dllsetup.cpp
         mtype.cpp
         outputq.cpp
         pstream.cpp
         pullpin.cpp
         refclock.cpp
         renbase.cpp
         schedule.cpp
         seekpt.cpp
         source.cpp
         strmctl.cpp
         sysclock.cpp
         transfrm.cpp
         Generating Code...
         Compiling...
         transip.cpp
         videoctl.cpp
         vtrans.cpp
         winctrl.cpp
         winutil.cpp
     1>winutil.cpp(2104): warning C4018: '<' : signed/unsigned mismatch
         wxdebug.cpp
     1>wxdebug.cpp(11): warning C4603: '_WINDLL' : macro is not defined or definition is different after precompiled header use
                 Add macro to precompiled header instead of defining here
                 wxdebug.cpp(13) : use of precompiled header
         wxlist.cpp
         wxutil.cpp
         Generating Code...
     1>C:\Program Files\MSBuild\Microsoft.Cpp\v4.0\Microsoft.CppBuild.targets(1151,5): warning MSB8012: TargetPath(C:\Documents and Settings\Administrator\Desktop\TSDumper\PSIMemoryShare\BaseClasses\.\Release\baseclasses.lib) does not match the Library's OutputFile property value (C:\Documents and Settings\Administrator\Desktop\TSDumper\PSIMemoryShare\BaseClasses\Release\STRMBASE.lib). This may cause your project to build incorrectly. To correct this, please make sure that $(OutDir), $(TargetName) and $(TargetExt) property values match the value specified in %(Lib.OutputFile).
     1>C:\Program Files\MSBuild\Microsoft.Cpp\v4.0\Microsoft.CppBuild.targets(1153,5): warning MSB8012: TargetName(baseclasses) does not match the Library's OutputFile property value (STRMBASE). This may cause your project to build incorrectly. To correct this, please make sure that $(OutDir), $(TargetName) and $(TargetExt) property values match the value specified in %(Lib.OutputFile).
       Lib:
         C:\Program Files\Microsoft Visual Studio 10.0\VC\bin\Lib.exe /OUT:"Release\STRMBASE.lib" /NOLOGO .\Release/amextra.obj
         .\Release/amfilter.obj
         .\Release/amvideo.obj
         .\Release/combase.obj
         .\Release/cprop.obj
         .\Release/ctlutil.obj
         .\Release/ddmm.obj
         .\Release/dllentry.obj
         .\Release/dllsetup.obj
         .\Release/mtype.obj
         .\Release/outputq.obj
         .\Release/pstream.obj
         .\Release/pullpin.obj
         .\Release/refclock.obj
         .\Release/renbase.obj
         .\Release/schedule.obj
         .\Release/seekpt.obj
         .\Release/source.obj
         .\Release/strmctl.obj
         .\Release/sysclock.obj
         .\Release/transfrm.obj
         .\Release/transip.obj
         .\Release/videoctl.obj
         .\Release/vtrans.obj
         .\Release/winctrl.obj
         .\Release/winutil.obj
         .\Release/wxdebug.obj
         .\Release/wxlist.obj
         .\Release/wxutil.obj C:\dx9summer2004\lib\strmiids.lib  /nodefaultlib  
         baseclasses.vcxproj -> C:\Documents and Settings\Administrator\Desktop\TSDumper\PSIMemoryShare\BaseClasses\.\Release\baseclasses.lib
       FinalizeBuildStatus:
         Deleting file ".\Release\baseclasses.unsuccessfulbuild".
         Touching ".\Release\baseclasses.lastbuildstate".
     1>Done Building Project "C:\Documents and Settings\Administrator\Desktop\TSDumper\PSIMemoryShare\BaseClasses\baseclasses.vcxproj" (build target(s)).

Build succeeded.

Time Elapsed 00:00:02.26
